RelayExecution: Starting Relay auction execution on thread MainThread
MonitorService: running event monitor service on thread: 2
1663651759 RelayExecution: midhav removed bid for bundle ID: 0x79d780694a94ab63ff9d0b8dfa14e107761ada02ac7e230865b8df8db963445a
MonitorService: execution phase for auction started at 1663651750 will be completed at 1663651770
MonitorService: calculating winners
1663651761 RelayExecution: bid was queued for jacob
1663651761 RelayExecution: bid was queued for midhav
1663651761 RelayExecution: bid was queued for burak
MonitorService: execution phase for auction started at 1663651750 will be completed at 1663651770
1663651762 RelayExecution: bid was queued for midhav
1663651763 RelayExecution: bid was queued for jacob
1663651763 RelayExecution: bid was queued for midhav
MonitorService: execution phase for auction started at 1663651750 will be completed at 1663651770
1663651765 RelayExecution: bid was queued for burak
1663651765 RelayExecution: bid was queued for jacob
1663651765 RelayExecution: bid was queued for midhav
MonitorService: execution phase for auction started at 1663651750 will be completed at 1663651770
1663651767 RelayExecution: bid was queued for midhav
1663651768 RelayExecution: bid was queued for burak
MonitorService: execution phase for auction started at 1663651750 will be completed at 1663651770
1663651769 RelayExecution: bid was queued for burak
1663651769 RelayExecution: bid was queued for midhav
MonitorService: there is a queue with a depth of 13, executing bids....
1663651773 RelayExecution: burak removed bid for bundle ID: 0xd7275d76b0ee8daa360f2a580325456a17ba2547d41321803bb1914144eb4839
1663651773 RelayExecution: midhav removed bid for bundle ID: 0x89a001afd43bae35a6c60937bfe173a9b6cfcee93106b773272441faefa90cef
MonitorService: execution phase for auction started at 1663651770 will be completed at 1663651790
MonitorService: calculating winners
1663651781 RelayExecution: bid was queued for midhav
1663651783 RelayExecution: bid was queued for burak
MonitorService: execution phase for auction started at 1663651770 will be completed at 1663651790
1663651785 RelayExecution: bid was queued for burak
MonitorService: execution phase for auction started at 1663651770 will be completed at 1663651790
1663651786 RelayExecution: bid was queued for burak
1663651787 RelayExecution: bid was queued for midhav
1663651787 RelayExecution: bid was queued for midhav
1663651787 RelayExecution: bid was queued for burak
1663651787 RelayExecution: bid was queued for burak
MonitorService: execution phase for auction started at 1663651770 will be completed at 1663651790
1663651789 RelayExecution: bid was queued for midhav
1663651789 RelayExecution: bid was queued for burak
1663651789 RelayExecution: bid was queued for midhav
MonitorService: execution phase for auction started at 1663651770 will be completed at 1663651790
MonitorService: there is a queue with a depth of 11, executing bids....
1663651791 RelayExecution: burak removed bid for bundle ID: 0x40135c80f85b590bc7f35f679aa1b2dcaef24693393c7c3c72b330e444388388
1663651791 RelayExecution: midhav removed bid for bundle ID: 0xe61b2f2d9f35c6d99ad8da5faeb656a98c677e1b363ecc4eadad7c3c1bb59731
1663651794 RelayExecution: midhav removed bid for bundle ID: 0xcd944adcb15cd0eb50a9411422c4f06235353c400577c0d8b0736c37e27ca4fa
MonitorService: execution phase for auction started at 1663651790 will be completed at 1663651810
MonitorService: calculating winners
1663651801 RelayExecution: bid was queued for burak
1663651801 RelayExecution: bid was queued for burak
1663651803 RelayExecution: bid was queued for burak
1663651803 RelayExecution: bid was queued for midhav
1663651805 RelayExecution: bid was queued for midhav
1663651805 RelayExecution: bid was queued for burak
MonitorService: execution phase for auction started at 1663651790 will be completed at 1663651810
1663651806 RelayExecution: bid was queued for burak
1663651808 RelayExecution: bid was queued for midhav
1663651808 RelayExecution: bid was queued for midhav
MonitorService: execution phase for auction started at 1663651790 will be completed at 1663651810
1663651809 RelayExecution: bid was queued for jacob
1663651809 RelayExecution: bid was queued for midhav
1663651809 RelayExecution: bid was queued for burak
MonitorService: execution phase for auction started at 1663651790 will be completed at 1663651810
MonitorService: there is a queue with a depth of 12, executing bids....
1663651812 RelayExecution: midhav removed bid for bundle ID: 0x982dba31adc4d982a4166a6038fc5681bd4f3875e026603640088fa9f4e3f101
1663651815 RelayExecution: midhav removed bid for bundle ID: 0xf12accd5dd64f9cef542809a15f1784001b942bb24431172e770dcd8f5f242a7
1663651815 RelayExecution: midhav removed bid for bundle ID: 0x46e0a83abe1bd12ee63b257ec52dfe2af9b30a244017b8ac36e0fe617b83a0d7
1663651820 RelayExecution: bid was queued for burak
MonitorService: execution phase for auction started at 1663651810 will be completed at 1663651830
MonitorService: calculating winners
1663651821 RelayExecution: bid was queued for burak
1663651821 RelayExecution: bid was queued for jacob
1663651821 RelayExecution: bid was queued for midhav
1663651823 RelayExecution: bid was queued for burak
MonitorService: execution phase for auction started at 1663651810 will be completed at 1663651830
1663651823 RelayExecution: bid was queued for midhav
1663651824 RelayExecution: bid was queued for midhav
1663651825 RelayExecution: bid was queued for burak
MonitorService: execution phase for auction started at 1663651810 will be completed at 1663651830
1663651825 RelayExecution: bid was queued for midhav
1663651826 RelayExecution: bid was queued for burak
MonitorService: execution phase for auction started at 1663651810 will be completed at 1663651830
1663651829 RelayExecution: bid was queued for burak
1663651829 RelayExecution: bid was queued for burak
1663651829 RelayExecution: bid was queued for jacob
1663651829 RelayExecution: bid was queued for jacob
MonitorService: execution phase for auction started at 1663651810 will be completed at 1663651830
MonitorService: there is a queue with a depth of 14, executing bids....
strikes for burak total number is 3
strikes for burak total number is 3
strikes for burak total number is 3
strikes for burak total number is 3
strikes for burak total number is 3
strikes for burak total number is 3
1663651831 RelayExecution: jacob removed bid for bundle ID: 0x8858586b766715992536ae4afb944eca1fcd6a47145b7870f17a75df3e8d61c7
strikes for burak total number is 3
strikes for burak total number is 3
strikes for burak total number is 3
1663651840 RelayExecution: bid was queued for midhav
MonitorService: execution phase for auction started at 1663651830 will be completed at 1663651850
MonitorService: calculating winners
1663651841 RelayExecution: bid was queued for midhav
1663651841 RelayExecution: bid was queued for burak
1663651843 RelayExecution: bid was queued for midhav
1663651843 RelayExecution: bid was queued for midhav
1663651843 RelayExecution: bid was queued for burak
1663651843 RelayExecution: bid was queued for burak
1663651844 RelayExecution: bid was queued for burak
MonitorService: execution phase for auction started at 1663651830 will be completed at 1663651850
1663651845 RelayExecution: bid was queued for burak
1663651845 RelayExecution: bid was queued for jacob
MonitorService: execution phase for auction started at 1663651830 will be completed at 1663651850
1663651847 RelayExecution: bid was queued for burak
1663651847 RelayExecution: bid was queued for midhav
MonitorService: execution phase for auction started at 1663651830 will be completed at 1663651850
1663651849 RelayExecution: bid was queued for burak
MonitorService: execution phase for auction started at 1663651830 will be completed at 1663651850
1663651850 RelayExecution: midhav removed bid for bundle ID: 0x0e91bb15c8c89c4554736cde8ee7f4eb7a8c68d2c1f240541fec801dcb97b49b
MonitorService: there is a queue with a depth of 13, executing bids....
strikes for burak total number is 3
strikes for burak total number is 3
strikes for burak total number is 3
strikes for burak total number is 3
1663651852 RelayExecution: midhav removed bid for bundle ID: 0xe1bf6a1f8960b9cbc1bc844beb9db8c487919f4cad59c1bf8a39a7d24a2ae9ec
strikes for burak total number is 3
strikes for burak total number is 3
strikes for burak total number is 3
strikes for burak total number is 3
strikes for burak total number is 3
strikes for burak total number is 3
1663651860 RelayExecution: bid was queued for burak
MonitorService: execution phase for auction started at 1663651850 will be completed at 1663651870
MonitorService: calculating winners
1663651860 RelayExecution: bid was queued for midhav
1663651861 RelayExecution: bid was queued for burak
1663651861 RelayExecution: bid was queued for jacob
1663651861 RelayExecution: bid was queued for midhav
MonitorService: execution phase for auction started at 1663651850 will be completed at 1663651870
1663651863 RelayExecution: bid was queued for burak
1663651863 RelayExecution: bid was queued for jacob
1663651864 RelayExecution: bid was queued for midhav
1663651864 RelayExecution: bid was queued for midhav
MonitorService: execution phase for auction started at 1663651850 will be completed at 1663651870
1663651865 RelayExecution: bid was queued for burak
MonitorService: execution phase for auction started at 1663651850 will be completed at 1663651870
1663651868 RelayExecution: bid was queued for midhav
1663651868 RelayExecution: bid was queued for midhav
1663651868 RelayExecution: bid was queued for burak
1663651869 RelayExecution: bid was queued for midhav
1663651869 RelayExecution: bid was queued for burak
MonitorService: execution phase for auction started at 1663651850 will be completed at 1663651870
strikes for burak total number is 3
strikes for burak total number is 3
MonitorService: there is a queue with a depth of 15, executing bids....
strikes for burak total number is 3
strikes for burak total number is 3
strikes for burak total number is 3
strikes for burak total number is 3
strikes for burak total number is 3
strikes for burak total number is 3
strikes for burak total number is 3
strikes for burak total number is 3
strikes for burak total number is 3
strikes for burak total number is 3
strikes for burak total number is 3
MonitorService: execution phase for auction started at 1663651870 will be completed at 1663651890
MonitorService: calculating winners
1663651881 RelayExecution: bid was queued for burak
1663651882 RelayExecution: bid was queued for midhav
1663651882 RelayExecution: bid was queued for burak
1663651883 RelayExecution: bid was queued for midhav
MonitorService: execution phase for auction started at 1663651870 will be completed at 1663651890
1663651883 RelayExecution: bid was queued for burak
1663651884 RelayExecution: bid was queued for midhav
1663651885 RelayExecution: bid was queued for midhav
1663651885 RelayExecution: bid was queued for midhav
MonitorService: execution phase for auction started at 1663651870 will be completed at 1663651890
1663651885 RelayExecution: bid was queued for burak
1663651887 RelayExecution: bid was queued for midhav
1663651887 RelayExecution: bid was queued for jacob
MonitorService: execution phase for auction started at 1663651870 will be completed at 1663651890
1663651889 RelayExecution: bid was queued for burak
1663651889 RelayExecution: bid was queued for midhav
MonitorService: execution phase for auction started at 1663651870 will be completed at 1663651890
strikes for burak total number is 3
MonitorService: execution phase for auction started at 1663651870 will be completed at 1663651890
1663651892 RelayExecution: midhav removed bid for bundle ID: 0x4528a6e23f550b1b2791b025d2f74e3f74b6c3e4e09506fb9b086dc7de3c5ef2
strikes for burak total number is 3
MonitorService: there is a queue with a depth of 13, executing bids....
strikes for burak total number is 3
strikes for burak total number is 3
strikes for burak total number is 3
strikes for burak total number is 3
strikes for burak total number is 3
strikes for burak total number is 3
strikes for burak total number is 3
MonitorService: execution phase for auction started at 1663651890 will be completed at 1663651910
MonitorService: calculating winners
1663651901 RelayExecution: bid was queued for burak
1663651901 RelayExecution: bid was queued for midhav
1663651902 RelayExecution: bid was queued for midhav
MonitorService: execution phase for auction started at 1663651890 will be completed at 1663651910
1663651905 RelayExecution: bid was queued for burak
1663651905 RelayExecution: bid was queued for jacob
MonitorService: execution phase for auction started at 1663651890 will be completed at 1663651910
1663651906 RelayExecution: bid was queued for midhav
1663651906 RelayExecution: bid was queued for midhav
1663651907 RelayExecution: bid was queued for burak
1663651907 RelayExecution: bid was queued for midhav
1663651907 RelayExecution: bid was queued for midhav
MonitorService: execution phase for auction started at 1663651890 will be completed at 1663651910
1663651909 RelayExecution: bid was queued for burak
1663651909 RelayExecution: bid was queued for midhav
MonitorService: execution phase for auction started at 1663651890 will be completed at 1663651910
strikes for burak total number is 3
MonitorService: execution phase for auction started at 1663651890 will be completed at 1663651910
strikes for burak total number is 3
strikes for burak total number is 3
strikes for burak total number is 3
strikes for midhav total number is 3
strikes for midhav total number is 3
MonitorService: execution phase for auction started at 1663651890 will be completed at 1663651910
strikes for burak total number is 3
strikes for burak total number is 3
MonitorService: execution phase for auction started at 1663651890 will be completed at 1663651910
strikes for burak total number is 3
strikes for burak total number is 3
MonitorService: execution phase for auction started at 1663651890 will be completed at 1663651910
strikes for burak total number is 3
strikes for midhav total number is 3
strikes for burak total number is 3
MonitorService: execution phase for auction started at 1663651890 will be completed at 1663651910
strikes for midhav total number is 3
strikes for midhav total number is 3
strikes for burak total number is 3
MonitorService: there is a queue with a depth of 12, executing bids....
strikes for burak total number is 3
strikes for midhav total number is 3
strikes for midhav total number is 3
strikes for midhav total number is 3
strikes for midhav total number is 3
strikes for burak total number is 3
strikes for midhav total number is 3
strikes for midhav total number is 3
strikes for burak total number is 3
strikes for midhav total number is 3
strikes for burak total number is 3
strikes for midhav total number is 3
strikes for burak total number is 3
strikes for midhav total number is 3
