RelayExecution: Starting Relay auction execution on thread MainThread
MonitorService: running event monitor service on thread: 2
1663650100 RelayExecution: bid was queued for midhav
1663650100 RelayExecution: bid was queued for jacob
1663650100 RelayExecution: bid was queued for jacob
1663650100 RelayExecution: bid was queued for burak
1663650100 RelayExecution: bid was queued for burak
MonitorService: execution phase for auction started at 1663650090 will be completed at 1663650110
MonitorService: calculating winners
1663650101 RelayExecution: bid was queued for midhav
1663650101 RelayExecution: bid was queued for midhav
1663650103 RelayExecution: bid was queued for midhav
1663650103 RelayExecution: bid was queued for midhav
MonitorService: execution phase for auction started at 1663650090 will be completed at 1663650110
1663650104 RelayExecution: bid was queued for burak
1663650105 RelayExecution: bid was queued for midhav
1663650105 RelayExecution: bid was queued for burak
MonitorService: execution phase for auction started at 1663650090 will be completed at 1663650110
MonitorService: execution phase for auction started at 1663650090 will be completed at 1663650110
1663650107 RelayExecution: bid was queued for midhav
1663650107 RelayExecution: bid was queued for midhav
1663650108 RelayExecution: bid was queued for midhav
1663650109 RelayExecution: bid was queued for burak
MonitorService: execution phase for auction started at 1663650090 will be completed at 1663650110
1663650109 RelayExecution: bid was queued for midhav
MonitorService: execution phase for auction started at 1663650090 will be completed at 1663650110
MonitorService: there is a queue with a depth of 17, executing bids....
1663650113 RelayExecution: jacob removed bid for bundle ID: 0x251f4c3fa8a160bb043dcac419c15e5cfff67b41d0ad4c164fa198610ede9e04
1663650113 RelayExecution: burak removed bid for bundle ID: 0xaaa5032e23da21f5a6b554075b72ebb8baac129807427bdf94bba62351c82a31
MonitorService: execution phase for auction started at 1663650110 will be completed at 1663650130
MonitorService: calculating winners
1663650121 RelayExecution: bid was queued for midhav
1663650121 RelayExecution: bid was queued for midhav
1663650121 RelayExecution: bid was queued for burak
1663650121 RelayExecution: bid was queued for burak
MonitorService: execution phase for auction started at 1663650110 will be completed at 1663650130
1663650123 RelayExecution: bid was queued for midhav
MonitorService: execution phase for auction started at 1663650110 will be completed at 1663650130
1663650125 RelayExecution: bid was queued for midhav
1663650125 RelayExecution: bid was queued for midhav
1663650125 RelayExecution: bid was queued for burak
MonitorService: execution phase for auction started at 1663650110 will be completed at 1663650130
1663650127 RelayExecution: bid was queued for midhav
1663650127 RelayExecution: bid was queued for burak
1663650128 RelayExecution: bid was queued for midhav
1663650128 RelayExecution: bid was queued for midhav
MonitorService: execution phase for auction started at 1663650110 will be completed at 1663650130
1663650129 RelayExecution: bid was queued for jacob
1663650129 RelayExecution: bid was queued for burak
1663650129 RelayExecution: bid was queued for midhav
MonitorService: execution phase for auction started at 1663650110 will be completed at 1663650130
MonitorService: there is a queue with a depth of 15, executing bids....
1663650133 RelayExecution: midhav removed bid for bundle ID: 0x7aa6ba8a0bd55370bf3c6fef9aa682cfb958c57953270122aafbba2e3e537a1d
1663650133 RelayExecution: midhav removed bid for bundle ID: 0x462f11fe00f90d589fcc58b651c062f71349c7e1b54b5b2c3dec3e6e746b2782
1663650135 RelayExecution: midhav removed bid for bundle ID: 0x56c631036550dc77ca37d2344626e6ffe1a915fa18a1d9bc021b1289fa12cca3
MonitorService: execution phase for auction started at 1663650130 will be completed at 1663650150
MonitorService: calculating winners
1663650141 RelayExecution: bid was queued for jacob
1663650141 RelayExecution: bid was queued for burak
MonitorService: execution phase for auction started at 1663650130 will be completed at 1663650150
1663650143 RelayExecution: bid was queued for midhav
1663650143 RelayExecution: bid was queued for midhav
1663650143 RelayExecution: bid was queued for burak
1663650144 RelayExecution: bid was queued for jacob
MonitorService: execution phase for auction started at 1663650130 will be completed at 1663650150
1663650145 RelayExecution: bid was queued for midhav
1663650145 RelayExecution: bid was queued for burak
MonitorService: execution phase for auction started at 1663650130 will be completed at 1663650150
1663650147 RelayExecution: bid was queued for midhav
1663650147 RelayExecution: bid was queued for burak
1663650148 RelayExecution: bid was queued for midhav
MonitorService: execution phase for auction started at 1663650130 will be completed at 1663650150
1663650149 RelayExecution: bid was queued for midhav
1663650149 RelayExecution: bid was queued for midhav
MonitorService: execution phase for auction started at 1663650130 will be completed at 1663650150
MonitorService: there is a queue with a depth of 13, executing bids....
1663650153 RelayExecution: midhav removed bid for bundle ID: 0xd19eb33f48f8c1a9a3f1d2b09654379d6ba4c803849980dcfcbd2a6e94d0d52a
MonitorService: execution phase for auction started at 1663650150 will be completed at 1663650170
MonitorService: calculating winners
1663650162 RelayExecution: bid was queued for midhav
MonitorService: execution phase for auction started at 1663650150 will be completed at 1663650170
1663650163 RelayExecution: bid was queued for burak
1663650163 RelayExecution: bid was queued for burak
1663650163 RelayExecution: bid was queued for midhav
1663650163 RelayExecution: bid was queued for midhav
1663650164 RelayExecution: bid was queued for burak
MonitorService: execution phase for auction started at 1663650150 will be completed at 1663650170
1663650165 RelayExecution: bid was queued for burak
1663650165 RelayExecution: bid was queued for midhav
MonitorService: execution phase for auction started at 1663650150 will be completed at 1663650170
1663650167 RelayExecution: bid was queued for burak
MonitorService: execution phase for auction started at 1663650150 will be completed at 1663650170
1663650169 RelayExecution: bid was queued for burak
1663650169 RelayExecution: bid was queued for midhav
MonitorService: execution phase for auction started at 1663650150 will be completed at 1663650170
MonitorService: there is a queue with a depth of 11, executing bids....
1663650173 RelayExecution: burak removed bid for bundle ID: 0x9cf4d723895a8c6baaef9181d4d643107f1480784d277cacdadfbc0bb9a3345e
strikes for midhav total number is 3
strikes for midhav total number is 3
strikes for midhav total number is 3
strikes for midhav total number is 3
strikes for midhav total number is 3
strikes for midhav total number is 3
strikes for midhav total number is 3
strikes for midhav total number is 3
strikes for midhav total number is 3
MonitorService: execution phase for auction started at 1663650170 will be completed at 1663650190
MonitorService: calculating winners
1663650181 RelayExecution: bid was queued for midhav
1663650183 RelayExecution: bid was queued for midhav
MonitorService: execution phase for auction started at 1663650170 will be completed at 1663650190
1663650185 RelayExecution: bid was queued for burak
MonitorService: execution phase for auction started at 1663650170 will be completed at 1663650190
1663650186 RelayExecution: bid was queued for midhav
1663650187 RelayExecution: bid was queued for midhav
1663650187 RelayExecution: bid was queued for burak
MonitorService: execution phase for auction started at 1663650170 will be completed at 1663650190
1663650189 RelayExecution: bid was queued for burak
1663650189 RelayExecution: bid was queued for midhav
MonitorService: execution phase for auction started at 1663650170 will be completed at 1663650190
MonitorService: execution phase for auction started at 1663650170 will be completed at 1663650190
MonitorService: execution phase for auction started at 1663650170 will be completed at 1663650190
